[debug] [2020-02-29T19:58:55.683Z] ----------------------------------------------------------------------
[debug] [2020-02-29T19:58:55.688Z] Command:       /usr/bin/node /usr/bin/firebase init
[debug] [2020-02-29T19:58:55.689Z] CLI Version:   7.14.0
[debug] [2020-02-29T19:58:55.689Z] Platform:      linux
[debug] [2020-02-29T19:58:55.689Z] Node Version:  v13.9.0
[debug] [2020-02-29T19:58:55.690Z] Time:          Sat Feb 29 2020 14:58:55 GMT-0500 (hora estándar de Colombia)
[debug] [2020-02-29T19:58:55.691Z] ----------------------------------------------------------------------
[debug] [2020-02-29T19:58:55.691Z] 
[debug] [2020-02-29T19:58:55.710Z] > command requires scopes: ["email","openid","https://www.googleapis.com/auth/cloudplatformprojects.readonly","https://www.googleapis.com/auth/firebase","https://www.googleapis.com/auth/cloud-platform"]
[debug] [2020-02-29T19:58:55.711Z] > authorizing via signed-in user
[info] 
     ######## #### ########  ######## ########     ###     ######  ########
     ##        ##  ##     ## ##       ##     ##  ##   ##  ##       ##
     ######    ##  ########  ######   ########  #########  ######  ######
     ##        ##  ##    ##  ##       ##     ## ##     ##       ## ##
     ##       #### ##     ## ######## ########  ##     ##  ######  ########

You're about to initialize a Firebase project in this directory:

  /media/jesusdavid/Windows/Users/Jesus_David/Desktop/Web Development/Dashboard

Before we get started, keep in mind:

  * You are currently outside your home directory

[info] 
=== Project Setup
[info] 
[info] First, let's associate this project directory with a Firebase project.
[info] You can create multiple project aliases by running firebase use --add, 
[info] but for now we'll just set up a default project.
[info] 
[debug] [2020-02-29T19:59:33.690Z] > refreshing access token with scopes: ["email","https://www.googleapis.com/auth/cloud-platform","https://www.googleapis.com/auth/cloudplatformprojects.readonly","https://www.googleapis.com/auth/firebase","openid"]
[debug] [2020-02-29T19:59:33.692Z] >>> HTTP REQUEST POST https://www.googleapis.com/oauth2/v3/token  
 <request body omitted>
[debug] [2020-02-29T19:59:34.085Z] <<< HTTP RESPONSE 200
[debug] [2020-02-29T19:59:34.124Z] >>> HTTP REQUEST GET https://firebase.googleapis.com/v1beta1/projects?pageSize=100  
 
[debug] [2020-02-29T19:59:34.797Z] <<< HTTP RESPONSE 200
[info] i  Using project sheal-f6a19 (Sheal)
[info] 
=== Hosting Setup
[info] 
[info] Your public directory is the folder (relative to your project directory) that
[info] will contain Hosting assets to be uploaded with firebase deploy. If you
[info] have a build process for your assets, use your build's output directory.
[info] 
